#
# A fatal error has been detected by the Java Runtime Environment:
#
#  SIGSEGV (0xb) at pc=0x00007fff5662d6a9, pid=2142, tid=0x0000000000000307
#
# JRE version: Java(TM) SE Runtime Environment (8.0_251-b08) (build 1.8.0_251-b08)
# Java VM: Java HotSpot(TM) 64-Bit Server VM (25.251-b08 mixed mode bsd-amd64 compressed oops)
# Problematic frame:
# C  [libobjc.A.dylib+0x66a9]  objc_msgSend+0x29
#
# Failed to write core dump. Core dumps have been disabled. To enable core dumping, try "ulimit -c unlimited" before starting Java again
#
# If you would like to submit a bug report, please visit:
#   http://bugreport.java.com/bugreport/crash.jsp
# The crash happened outside the Java Virtual Machine in native code.
# See problematic frame for where to report the bug.
#

---------------  T H R E A D  ---------------

Current thread (0x00007ff4c5158800):  JavaThread "AppKit Thread" daemon [_thread_in_native, id=775, stack(0x00007ffee9121000,0x00007ffee9921000)]

siginfo: si_signo: 11 (SIGSEGV), si_code: 1 (SEGV_MAPERR), si_addr: 0x0000000000000000

Registers:
RAX=0x00007ff4c47951c0, RBX=0x00007ffee991b6d0, RCX=0x00007ff4ca4db5b0, RDX=0x00007ff4c47951c0
RSP=0x00007ffee991b698, RBP=0x00007ffee991b6a0, RSI=0x00007fff4241c839, RDI=0x00007ff4ca4db5b0
R8 =0x00000000000000ff, R9 =0x00007ff4ca6db7b0, R10=0x0000000795bee798, R11=0x0000000000000000
R12=0x0000000000000000, R13=0x00007ff4c47951c0, R14=0x00007ff4c4543a30, R15=0x0000000000000000
RIP=0x00007fff5662d6a9, EFLAGS=0x0000000000010246, ERR=0x0000000000000004
  TRAPNO=0x000000000000000e

Top of Stack: (sp=0x00007ffee991b698)
0x00007ffee991b698:   00007fff2bf172f6 00007ffee991b6c0
0x00007ffee991b6a8:   00007fff2bf17270 00007ff4ca6db7b0
0x00007ffee991b6b8:   0000000000000000 00007ffee991b730
0x00007ffee991b6c8:   00007fff2bf171da 00007fff8e695070
0x00007ffee991b6d8:   00000000c2000000 00007fff2bf17231
0x00007ffee991b6e8:   00007fff87062370 00007ff4ca6db7b0
0x00007ffee991b6f8:   00007ff4c47951c0 0000000000000000
0x00007ffee991b708:   00007ffee991b747 00007ff4ca6db7b0
0x00007ffee991b718:   00007ffee991b7f0 00007ffee991bf70
0x00007ffee991b728:   0000000000000000 00007ffee991b770
0x00007ffee991b738:   00007fff2bf1f688 00007ffee991bd40
0x00007ffee991b748:   0000000000000008 00007fff5662d680
0x00007ffee991b758:   00007ffee991b7f0 00007ffee991bf70
0x00007ffee991b768:   00007fff2a02da3e 00007ffee991be90
0x00007ffee991b778:   00007fff2be88014 0000000000000000
0x00007ffee991b788:   0000000000000000 00007ffee991bce0
0x00007ffee991b798:   00007ff4c588eac0 00007ff4c5901be0
0x00007ffee991b7a8:   00007fff8705ac01 0000000000000000
0x00007ffee991b7b8:   00007fff8705ac20 00007fff8709dfb8
0x00007ffee991b7c8:   00007ffee991b800 00007fff87062030
0x00007ffee991b7d8:   0000000000000000 0000000000000000
0x00007ffee991b7e8:   0000000000000000 00007ffee991bd40
0x00007ffee991b7f8:   0000000000000016 0000000000000100
0x00007ffee991b808:   00007ffee991b800 00007ffee991bc40
0x00007ffee991b818:   0000000000000000 0000000000000100
0x00007ffee991b828:   00007fff8da00200 00007ffee991b870
0x00007ffee991b838:   00007ff4c4802098 00007fff8718f098
0x00007ffee991b848:   0000000000000002 0000000106301e00
0x00007ffee991b858:   0000000000000030 00007ff4c4700000
0x00007ffee991b868:   0000000000000006 00007ffee991b900
0x00007ffee991b878:   00007fff57fb7282 00007ffee991b930
0x00007ffee991b888:   00007ff4c47fc080 00007ffe00000002 

Instructions: (pc=0x00007fff5662d6a9)
0x00007fff5662d689:   01 2e 75 66 49 ba f8 ff ff ff ff 7f 00 00 4c 23
0x00007fff5662d699:   17 49 89 f3 45 23 5a 18 49 c1 e3 04 4d 03 5a 10
0x00007fff5662d6a9:   49 3b 33 75 04 41 ff 63 08 49 83 3b 01 76 0d 49
0x00007fff5662d6b9:   83 c3 10 49 3b 33 75 f1 41 ff 63 08 72 68 4d 8b 

Register to memory mapping:

RAX=0x00007ff4c47951c0 is an unknown value
RBX=0x00007ffee991b6d0 is pointing into the stack for thread: 0x00007ff4c5158800
RCX=0x00007ff4ca4db5b0 is an unknown value
RDX=0x00007ff4c47951c0 is an unknown value
RSP=0x00007ffee991b698 is pointing into the stack for thread: 0x00007ff4c5158800
RBP=0x00007ffee991b6a0 is pointing into the stack for thread: 0x00007ff4c5158800
RSI=0x00007fff4241c839 is an unknown value
RDI=0x00007ff4ca4db5b0 is an unknown value
R8 =0x00000000000000ff is an unknown value
R9 =0x00007ff4ca6db7b0 is an unknown value
R10=0x0000000795bee798 is an oop
sun.lwawt.macosx.NSEvent 
 - klass: 'sun/lwawt/macosx/NSEvent'
R11=0x0000000000000000 is an unknown value
R12=0x0000000000000000 is an unknown value
R13=0x00007ff4c47951c0 is an unknown value
R14=0x00007ff4c4543a30 is an unknown value
R15=0x0000000000000000 is an unknown value


Stack: [0x00007ffee9121000,0x00007ffee9921000],  sp=0x00007ffee991b698,  free space=8169k
Native frames: (J=compiled Java code, j=interpreted, Vv=VM code, C=native code)
C  [libobjc.A.dylib+0x66a9]  objc_msgSend+0x29
C  [CoreFoundation+0x9e270]  ___CFXRegistrationPost_block_invoke+0x3f
C  [CoreFoundation+0x9e1da]  _CFXRegistrationPost+0x194
C  [CoreFoundation+0xa6688]  ___CFXNotificationPost_block_invoke+0x57
C  [CoreFoundation+0xf014]  -[_CFXNotificationRegistrar find:object:observer:enumerator:]+0x66a
C  [CoreFoundation+0xe3c7]  _CFXNotificationPost+0x2dc
C  [Foundation+0x11aab]  -[NSNotificationCenter postNotificationName:object:userInfo:]+0x42
C  [CoreFoundation+0x9e2f6]  __CFNOTIFICATIONCENTER_IS_CALLING_OUT_TO_AN_OBSERVER__+0xc
C  [CoreFoundation+0x9e270]  ___CFXRegistrationPost_block_invoke+0x3f
C  [CoreFoundation+0x77ec4]  __CFRUNLOOP_IS_CALLING_OUT_TO_A_BLOCK__+0xc
C  [CoreFoundation+0x3b5e7]  __CFRunLoopDoBlocks+0x18a
C  [CoreFoundation+0x3ad06]  __CFRunLoopRun+0x496
C  [CoreFoundation+0x3a61e]  CFRunLoopRunSpecific+0x1c7
C  [HIToolbox+0xb1ab]  RunCurrentEventLoopInMode+0x124
C  [HIToolbox+0xaded]  ReceiveNextEventCommon+0x163
C  [HIToolbox+0xac76]  _BlockUntilNextEventMatchingListInModeWithFilter+0x40
C  [AppKit+0x1a77d]  _DPSNextEvent+0x46f
C  [AppKit+0x1946b]  -[NSApplication(NSEvent) _nextEventMatchingEventMask:untilDate:inMode:dequeue:]+0x551
C  [libosxapp.dylib+0x2328]  -[NSApplicationAWT nextEventMatchingMask:untilDate:inMode:dequeue:]+0x7c
C  [AppKit+0x13588]  -[NSApplication run]+0x2bb
C  [libosxapp.dylib+0x1f72]  +[NSApplicationAWT runAWTLoopWithApp:]+0x9c
C  [libawt_lwawt.dylib+0x4803b]  -[AWTStarter starter:]+0x389
C  [Foundation+0xb0302]  __NSThreadPerformPerform+0x148
C  [CoreFoundation+0x57de3]  __CFRUNLOOP_IS_CALLING_OUT_TO_A_SOURCE0_PERFORM_FUNCTION__+0x11
C  [CoreFoundation+0x57d89]  __CFRunLoopDoSource0+0x6c
C  [CoreFoundation+0x3b74b]  __CFRunLoopDoSources0+0xc3
C  [CoreFoundation+0x3ad15]  __CFRunLoopRun+0x4a5
C  [CoreFoundation+0x3a61e]  CFRunLoopRunSpecific+0x1c7
C  [java+0x646e]  CreateExecutionEnvironment+0x367
C  [java+0x203c]  JLI_Launch+0x7a0
C  [java+0x84cb]  main+0x65
C  [java+0x1894]  start+0x34
C  0x0000000000000006


---------------  P R O C E S S  ---------------

Java Threads: ( => current thread )
  0x00007ff4c6aa9000 JavaThread "DestroyJavaVM" [_thread_blocked, id=9731, stack(0x000070000b303000,0x000070000b403000)]
  0x00007ff4c7130000 JavaThread "mysql-cj-abandoned-connection-cleanup" daemon [_thread_blocked, id=68375, stack(0x000070000d169000,0x000070000d269000)]
  0x00007ff4c4c81800 JavaThread "TimerQueue" daemon [_thread_blocked, id=68819, stack(0x000070000d066000,0x000070000d166000)]
  0x00007ff4c6a74000 JavaThread "Attach Listener" daemon [_thread_blocked, id=61879, stack(0x000070000cf63000,0x000070000d063000)]
  0x00007ff4c7090800 JavaThread "AWT-EventQueue-0" [_thread_in_native, id=55299, stack(0x000070000cddd000,0x000070000cedd000)]
  0x00007ff4c8814000 JavaThread "Java2D Disposer" daemon [_thread_blocked, id=55047, stack(0x000070000ccda000,0x000070000cdda000)]
  0x00007ff4c51ad000 JavaThread "Java2D Queue Flusher" daemon [_thread_blocked, id=48915, stack(0x000070000cbd7000,0x000070000ccd7000)]
  0x00007ff4c49c0800 JavaThread "AWT-Shutdown" [_thread_blocked, id=27435, stack(0x000070000c73f000,0x000070000c83f000)]
=>0x00007ff4c5158800 JavaThread "AppKit Thread" daemon [_thread_in_native, id=775, stack(0x00007ffee9121000,0x00007ffee9921000)]
  0x00007ff4c503b000 JavaThread "Service Thread" daemon [_thread_blocked, id=16387, stack(0x000070000c539000,0x000070000c639000)]
  0x00007ff4c8001000 JavaThread "C1 CompilerThread3" daemon [_thread_blocked, id=16899, stack(0x000070000c436000,0x000070000c536000)]
  0x00007ff4c8000000 JavaThread "C2 CompilerThread2" daemon [_thread_blocked, id=17411, stack(0x000070000c333000,0x000070000c433000)]
  0x00007ff4c7800000 JavaThread "C2 CompilerThread1" daemon [_thread_blocked, id=17923, stack(0x000070000c230000,0x000070000c330000)]
  0x00007ff4c4924000 JavaThread "C2 CompilerThread0" daemon [_thread_blocked, id=15875, stack(0x000070000c12d000,0x000070000c22d000)]
  0x00007ff4c491c000 JavaThread "Monitor Ctrl-Break" daemon [_thread_in_native, id=15363, stack(0x000070000c02a000,0x000070000c12a000)]
  0x00007ff4c5010000 JavaThread "Signal Dispatcher" daemon [_thread_blocked, id=14851, stack(0x000070000bf27000,0x000070000c027000)]
  0x00007ff4c4831800 JavaThread "Finalizer" daemon [_thread_blocked, id=19459, stack(0x000070000be24000,0x000070000bf24000)]
  0x00007ff4c482e800 JavaThread "Reference Handler" daemon [_thread_blocked, id=19971, stack(0x000070000bd21000,0x000070000be21000)]

Other Threads:
  0x00007ff4c4828000 VMThread [stack: 0x000070000bc1e000,0x000070000bd1e000] [id=20227]
  0x00007ff4c503e000 WatcherThread [stack: 0x000070000c63c000,0x000070000c73c000] [id=21763]

VM state:not at safepoint (normal execution)

VM Mutex/Monitor currently owned by a thread: None

heap address: 0x0000000740000000, size: 2048 MB, Compressed Oops mode: Zero based, Oop shift amount: 3
Narrow klass base: 0x0000000000000000, Narrow klass shift: 3
Compressed class space size: 1073741824 Address: 0x00000007c0000000

Heap:
 PSYoungGen      total 38400K, used 13576K [0x0000000795580000, 0x000000079a080000, 0x00000007c0000000)
  eden space 33280K, 40% used [0x0000000795580000,0x00000007962c2020,0x0000000797600000)
  from space 5120K, 0% used [0x0000000797b00000,0x0000000797b00000,0x0000000798000000)
  to   space 5120K, 0% used [0x0000000797600000,0x0000000797600000,0x0000000797b00000)
 ParOldGen       total 60416K, used 8677K [0x0000000740000000, 0x0000000743b00000, 0x0000000795580000)
  object space 60416K, 14% used [0x0000000740000000,0x00000007408796c8,0x0000000743b00000)
 Metaspace       used 22008K, capacity 22490K, committed 22704K, reserved 1069056K
  class space    used 2670K, capacity 2798K, committed 2816K, reserved 1048576K

Card table byte_map: [0x000000011794b000,0x0000000117d4c000] byte_map_base: 0x0000000113f4b000

Marking Bits: (ParMarkBitMap*) 0x0000000107ecdf60
 Begin Bits: [0x0000000117ff7000, 0x0000000119ff7000)
 End Bits:   [0x0000000119ff7000, 0x000000011bff7000)

Polling page: 0x000000010635e000

CodeCache: size=245760Kb used=8049Kb max_used=8049Kb free=237710Kb
 bounds [0x000000010858b000, 0x0000000108d7b000, 0x000000011758b000]
 total_blobs=3257 nmethods=2557 adapters=612
 compilation: enabled

Compilation events (10 events):
Event: 417.846 Thread 0x00007ff4c8001000 2561       3       com.apple.laf.AquaFocusHandler::isActive (27 bytes)
Event: 417.847 Thread 0x00007ff4c8001000 nmethod 2561 0x0000000108d62290 code [0x0000000108d62440, 0x0000000108d62ac8]
Event: 417.847 Thread 0x00007ff4c8001000 2563   !   3       javax.swing.JComponent::_paintImmediately (891 bytes)
Event: 417.852 Thread 0x00007ff4c8001000 nmethod 2563 0x0000000108d63150 code [0x0000000108d63880, 0x0000000108d691a8]
Event: 417.852 Thread 0x00007ff4c8001000 2562       3       apple.laf.JRSUIConstants$State::apply (6 bytes)
Event: 417.852 Thread 0x00007ff4c8001000 nmethod 2562 0x0000000108d61e50 code [0x0000000108d61fc0, 0x0000000108d62190]
Event: 426.953 Thread 0x00007ff4c8001000 2564       3       java.io.File::exists (43 bytes)
Event: 426.954 Thread 0x00007ff4c8001000 nmethod 2564 0x0000000108d610d0 code [0x0000000108d612c0, 0x0000000108d61ac8]
Event: 445.124 Thread 0x00007ff4c8001000 2565       3       javax.swing.JComponent::clientPropertyChanged (1 bytes)
Event: 445.125 Thread 0x00007ff4c8001000 nmethod 2565 0x0000000108d60d90 code [0x0000000108d60ee0, 0x0000000108d61030]

GC Heap History (6 events):
Event: 1.960 GC heap before
{Heap before GC invocations=1 (full 0):
 PSYoungGen      total 38400K, used 33280K [0x0000000795580000, 0x0000000798000000, 0x00000007c0000000)
  eden space 33280K, 100% used [0x0000000795580000,0x0000000797600000,0x0000000797600000)
  from space 5120K, 0% used [0x0000000797b00000,0x0000000797b00000,0x0000000798000000)
  to   space 5120K, 0% used [0x0000000797600000,0x0000000797600000,0x0000000797b00000)
 ParOldGen       total 87552K, used 0K [0x0000000740000000, 0x0000000745580000, 0x0000000795580000)
  object space 87552K, 0% used [0x0000000740000000,0x0000000740000000,0x0000000745580000)
 Metaspace       used 18522K, capacity 18988K, committed 19200K, reserved 1067008K
  class space    used 2311K, capacity 2454K, committed 2560K, reserved 1048576K
Event: 1.966 GC heap after
Heap after GC invocations=1 (full 0):
 PSYoungGen      total 38400K, used 5100K [0x0000000795580000, 0x0000000798000000, 0x00000007c0000000)
  eden space 33280K, 0% used [0x0000000795580000,0x0000000795580000,0x0000000797600000)
  from space 5120K, 99% used [0x0000000797600000,0x0000000797afb260,0x0000000797b00000)
  to   space 5120K, 0% used [0x0000000797b00000,0x0000000797b00000,0x0000000798000000)
 ParOldGen       total 87552K, used 2668K [0x0000000740000000, 0x0000000745580000, 0x0000000795580000)
  object space 87552K, 3% used [0x0000000740000000,0x000000074029b330,0x0000000745580000)
 Metaspace       used 18522K, capacity 18988K, committed 19200K, reserved 1067008K
  class space    used 2311K, capacity 2454K, committed 2560K, reserved 1048576K
}
Event: 2.241 GC heap before
{Heap before GC invocations=2 (full 0):
 PSYoungGen      total 38400K, used 24236K [0x0000000795580000, 0x0000000798000000, 0x00000007c0000000)
  eden space 33280K, 57% used [0x0000000795580000,0x0000000796830130,0x0000000797600000)
  from space 5120K, 99% used [0x0000000797600000,0x0000000797afb260,0x0000000797b00000)
  to   space 5120K, 0% used [0x0000000797b00000,0x0000000797b00000,0x0000000798000000)
 ParOldGen       total 87552K, used 2668K [0x0000000740000000, 0x0000000745580000, 0x0000000795580000)
  object space 87552K, 3% used [0x0000000740000000,0x000000074029b330,0x0000000745580000)
 Metaspace       used 20785K, capacity 21168K, committed 21296K, reserved 1069056K
  class space    used 2547K, capacity 2659K, committed 2688K, reserved 1048576K
Event: 2.247 GC heap after
Heap after GC invocations=2 (full 0):
 PSYoungGen      total 38400K, used 5103K [0x0000000795580000, 0x000000079a080000, 0x00000007c0000000)
  eden space 33280K, 0% used [0x0000000795580000,0x0000000795580000,0x0000000797600000)
  from space 5120K, 99% used [0x0000000797b00000,0x0000000797ffbee0,0x0000000798000000)
  to   space 5120K, 0% used [0x0000000797600000,0x0000000797600000,0x0000000797b00000)
 ParOldGen       total 87552K, used 5543K [0x0000000740000000, 0x0000000745580000, 0x0000000795580000)
  object space 87552K, 6% used [0x0000000740000000,0x0000000740569e28,0x0000000745580000)
 Metaspace       used 20785K, capacity 21168K, committed 21296K, reserved 1069056K
  class space    used 2547K, capacity 2659K, committed 2688K, reserved 1048576K
}
Event: 2.247 GC heap before
{Heap before GC invocations=3 (full 1):
 PSYoungGen      total 38400K, used 5103K [0x0000000795580000, 0x000000079a080000, 0x00000007c0000000)
  eden space 33280K, 0% used [0x0000000795580000,0x0000000795580000,0x0000000797600000)
  from space 5120K, 99% used [0x0000000797b00000,0x0000000797ffbee0,0x0000000798000000)
  to   space 5120K, 0% used [0x0000000797600000,0x0000000797600000,0x0000000797b00000)
 ParOldGen       total 87552K, used 5543K [0x0000000740000000, 0x0000000745580000, 0x0000000795580000)
  object space 87552K, 6% used [0x0000000740000000,0x0000000740569e28,0x0000000745580000)
 Metaspace       used 20785K, capacity 21168K, committed 21296K, reserved 1069056K
  class space    used 2547K, capacity 2659K, committed 2688K, reserved 1048576K
Event: 2.268 GC heap after
Heap after GC invocations=3 (full 1):
 PSYoungGen      total 38400K, used 0K [0x0000000795580000, 0x000000079a080000, 0x00000007c0000000)
  eden space 33280K, 0% used [0x0000000795580000,0x0000000795580000,0x0000000797600000)
  from space 5120K, 0% used [0x0000000797b00000,0x0000000797b00000,0x0000000798000000)
  to   space 5120K, 0% used [0x0000000797600000,0x0000000797600000,0x0000000797b00000)
 ParOldGen       total 60416K, used 8677K [0x0000000740000000, 0x0000000743b00000, 0x0000000795580000)
  object space 60416K, 14% used [0x0000000740000000,0x00000007408796c8,0x0000000743b00000)
 Metaspace       used 20785K, capacity 21168K, committed 21296K, reserved 1069056K
  class space    used 2547K, capacity 2659K, committed 2688K, reserved 1048576K
}

Deoptimization events (10 events):
Event: 44.272 Thread 0x00007ff4c7090800 Uncommon trap: reason=class_check action=maybe_recompile pc=0x0000000108a10b08 method=java.util.Hashtable.put(Ljava/lang/Object;Ljava/lang/Object;)Ljava/lang/Object; @ 60
Event: 44.272 Thread 0x00007ff4c7090800 Uncommon trap: reason=class_check action=maybe_recompile pc=0x0000000108a10b08 method=java.util.Hashtable.put(Ljava/lang/Object;Ljava/lang/Object;)Ljava/lang/Object; @ 60
Event: 44.272 Thread 0x00007ff4c7090800 Uncommon trap: reason=class_check action=maybe_recompile pc=0x0000000108a10b08 method=java.util.Hashtable.put(Ljava/lang/Object;Ljava/lang/Object;)Ljava/lang/Object; @ 60
Event: 44.332 Thread 0x00007ff4c7090800 Uncommon trap: reason=unstable_if action=reinterpret pc=0x0000000108c04188 method=java.awt.EventQueue.getPriority(Ljava/awt/AWTEvent;)I @ 71
Event: 44.398 Thread 0x00007ff4c7090800 Uncommon trap: reason=class_check action=maybe_recompile pc=0x0000000108c16c3c method=java.awt.EventQueue.uncacheEQItem(Lsun/awt/EventQueueItem;)V @ 20
Event: 44.398 Thread 0x00007ff4c7090800 Uncommon trap: reason=class_check action=maybe_recompile pc=0x0000000108c16c3c method=java.awt.EventQueue.uncacheEQItem(Lsun/awt/EventQueueItem;)V @ 20
Event: 44.398 Thread 0x00007ff4c7090800 Uncommon trap: reason=class_check action=maybe_recompile pc=0x0000000108c16c3c method=java.awt.EventQueue.uncacheEQItem(Lsun/awt/EventQueueItem;)V @ 20
Event: 44.398 Thread 0x00007ff4c7090800 Uncommon trap: reason=class_check action=maybe_recompile pc=0x0000000108c16c3c method=java.awt.EventQueue.uncacheEQItem(Lsun/awt/EventQueueItem;)V @ 20
Event: 44.929 Thread 0x00007ff4c7090800 Uncommon trap: reason=unstable_if action=reinterpret pc=0x0000000108bf7b48 method=java.awt.Container.getMouseEventTargetImpl(IIZLjava/awt/Container$EventTargetFilter;ZZ)Ljava/awt/Component; @ 218
Event: 45.707 Thread 0x00007ff4c7090800 Uncommon trap: reason=unstable_if action=reinterpret pc=0x0000000108c67da0 method=java.awt.EventQueue.uncacheEQItem(Lsun/awt/EventQueueItem;)V @ 23

Classes redefined (0 events):
No events

Internal exceptions (10 events):
Event: 1.742 Thread 0x00007ff4c5004800 Exception <a 'java/lang/ArrayIndexOutOfBoundsException'> (0x000000079699b4c0) thrown at [/jenkins/workspace/8-2-build-macosx-x86_64/jdk8u251/737/hotspot/src/share/vm/runtime/sharedRuntime.cpp, line 605]
Event: 1.742 Thread 0x00007ff4c5004800 Exception <a 'java/lang/ArrayIndexOutOfBoundsException'> (0x000000079699db00) thrown at [/jenkins/workspace/8-2-build-macosx-x86_64/jdk8u251/737/hotspot/src/share/vm/runtime/sharedRuntime.cpp, line 605]
Event: 1.742 Thread 0x00007ff4c5004800 Exception <a 'java/lang/ArrayIndexOutOfBoundsException'> (0x000000079699f180) thrown at [/jenkins/workspace/8-2-build-macosx-x86_64/jdk8u251/737/hotspot/src/share/vm/runtime/sharedRuntime.cpp, line 605]
Event: 1.743 Thread 0x00007ff4c5004800 Exception <a 'java/lang/ArrayIndexOutOfBoundsException'> (0x00000007969a4eb0) thrown at [/jenkins/workspace/8-2-build-macosx-x86_64/jdk8u251/737/hotspot/src/share/vm/runtime/sharedRuntime.cpp, line 605]
Event: 1.753 Thread 0x00007ff4c5004800 Exception <a 'java/lang/ArrayIndexOutOfBoundsException'> (0x00000007969d3710) thrown at [/jenkins/workspace/8-2-build-macosx-x86_64/jdk8u251/737/hotspot/src/share/vm/runtime/sharedRuntime.cpp, line 605]
Event: 1.753 Thread 0x00007ff4c5004800 Exception <a 'java/lang/ArrayIndexOutOfBoundsException'> (0x00000007969d4db0) thrown at [/jenkins/workspace/8-2-build-macosx-x86_64/jdk8u251/737/hotspot/src/share/vm/runtime/sharedRuntime.cpp, line 605]
Event: 1.753 Thread 0x00007ff4c5004800 Exception <a 'java/lang/ArrayIndexOutOfBoundsException'> (0x00000007969d7368) thrown at [/jenkins/workspace/8-2-build-macosx-x86_64/jdk8u251/737/hotspot/src/share/vm/runtime/sharedRuntime.cpp, line 605]
Event: 1.760 Thread 0x00007ff4c5004800 Exception <a 'java/lang/ArrayIndexOutOfBoundsException'> (0x0000000796a04510) thrown at [/jenkins/workspace/8-2-build-macosx-x86_64/jdk8u251/737/hotspot/src/share/vm/runtime/sharedRuntime.cpp, line 605]
Event: 1.762 Thread 0x00007ff4c5004800 Exception <a 'java/lang/ArrayIndexOutOfBoundsException'> (0x0000000796a19520) thrown at [/jenkins/workspace/8-2-build-macosx-x86_64/jdk8u251/737/hotspot/src/share/vm/runtime/sharedRuntime.cpp, line 605]
Event: 1.968 Thread 0x00007ff4c4831800 Exception <a 'java/lang/NullPointerException'> (0x00000007956b6ce8) thrown at [/jenkins/workspace/8-2-build-macosx-x86_64/jdk8u251/737/hotspot/src/share/vm/interpreter/linkResolver.cpp, line 1185]

Events (10 events):
Event: 50.751 loading class sun/font/CompositeGlyphMapper done
Event: 50.751 loading class sun/font/CCompositeGlyphMapper done
Event: 50.751 loading class sun/font/StandardGlyphVector$GlyphStrike
Event: 50.752 loading class sun/font/StandardGlyphVector$GlyphStrike done
Event: 50.752 loading class sun/font/CompositeStrike
Event: 50.752 loading class sun/font/CompositeStrike done
Event: 393.573 Thread 0x00007ff4c8000000 flushing nmethod 0x000000010870c9d0
Event: 393.573 Thread 0x00007ff4c8000000 flushing nmethod 0x000000010870e290
Event: 445.125 Executing VM operation: BulkRevokeBias
Event: 445.125 Executing VM operation: BulkRevokeBias done


Dynamic libraries:
0x00007fff2b604000 	/System/Library/Frameworks/Cocoa.framework/Versions/A/Cocoa
0x00007fff373a8000 	/System/Library/Frameworks/Security.framework/Versions/A/Security
0x00007fff2a297000 	/System/Library/Frameworks/ApplicationServices.framework/Versions/A/ApplicationServices
0x00007fff57496000 	/usr/lib/libz.1.dylib
0x00007fff54df0000 	/usr/lib/libSystem.B.dylib
0x00007fff56627000 	/usr/lib/libobjc.A.dylib
0x00007fff2be79000 	/System/Library/Frameworks/CoreFoundation.framework/Versions/A/CoreFoundation
0x00007fff2e0fc000 	/System/Library/Frameworks/Foundation.framework/Versions/C/Foundation
0x00007fff29490000 	/System/Library/Frameworks/AppKit.framework/Versions/C/AppKit
0x00007fff2ba02000 	/System/Library/Frameworks/CoreData.framework/Versions/A/CoreData
0x00007fff4e8b6000 	/System/Library/PrivateFrameworks/RemoteViewServices.framework/Versions/A/RemoteViewServices
0x00007fff52b2d000 	/System/Library/PrivateFrameworks/UIFoundation.framework/Versions/A/UIFoundation
0x00007fff54211000 	/System/Library/PrivateFrameworks/XCTTargetBootstrap.framework/Versions/A/XCTTargetBootstrap
0x00007fff2bd88000 	/System/Library/Frameworks/CoreDisplay.framework/Versions/A/CoreDisplay
0x00007fff495f0000 	/System/Library/PrivateFrameworks/IconServices.framework/Versions/A/IconServices
0x00007fff30a1d000 	/System/Library/Frameworks/Metal.framework/Versions/A/Metal
0x00007fff40b33000 	/System/Library/PrivateFrameworks/DesktopServicesPriv.framework/Versions/A/DesktopServicesPriv
0x00007fff5598a000 	/usr/lib/libenergytrace.dylib
0x00007fff51014000 	/System/Library/PrivateFrameworks/SkyLight.framework/Versions/A/SkyLight
0x00007fff2c2c0000 	/System/Library/Frameworks/CoreGraphics.framework/Versions/A/CoreGraphics
0x00007fff2825c000 	/System/Library/Frameworks/Accelerate.framework/Versions/A/Accelerate
0x00007fff2e845000 	/System/Library/Frameworks/IOSurface.framework/Versions/A/IOSurface
0x00007fff4099f000 	/System/Library/PrivateFrameworks/DFRFoundation.framework/Versions/A/DFRFoundation
0x00007fff2a77a000 	/System/Library/Frameworks/AudioToolbox.framework/Versions/A/AudioToolbox
0x00007fff2a9f3000 	/System/Library/Frameworks/AudioUnit.framework/Versions/A/AudioUnit
0x00007fff40a34000 	/System/Library/PrivateFrameworks/DataDetectorsCore.framework/Versions/A/DataDetectorsCore
0x00007fff2b107000 	/System/Library/Frameworks/Carbon.framework/Versions/A/Frameworks/HIToolbox.framework/Versions/A/HIToolbox
0x00007fff55ae3000 	/usr/lib/libicucore.A.dylib
0x00007fff3691c000 	/System/Library/Frameworks/QuartzCore.framework/Versions/A/QuartzCore
0x00007fff2b4dc000 	/System/Library/Frameworks/Carbon.framework/Versions/A/Frameworks/SpeechRecognition.framework/Versions/A/SpeechRecognition
0x00007fff54f44000 	/usr/lib/libauto.dylib
0x00007fff5738a000 	/usr/lib/libxml2.2.dylib
0x00007fff4057a000 	/System/Library/PrivateFrameworks/CoreUI.framework/Versions/A/CoreUI
0x00007fff2b8ed000 	/System/Library/Frameworks/CoreAudio.framework/Versions/A/CoreAudio
0x00007fff2df31000 	/System/Library/Frameworks/DiskArbitration.framework/Versions/A/DiskArbitration
0x00007fff55d91000 	/usr/lib/liblangid.dylib
0x00007fff4a9fb000 	/System/Library/PrivateFrameworks/MultitouchSupport.framework/Versions/A/MultitouchSupport
0x00007fff2e7b4000 	/System/Library/Frameworks/IOKit.framework/Versions/A/IOKit
0x00007fff549b0000 	/usr/lib/libDiagnosticMessagesClient.dylib
0x00007fff2d0cf000 	/System/Library/Frameworks/CoreServices.framework/Versions/A/CoreServices
0x00007fff4c6b5000 	/System/Library/PrivateFrameworks/PerformanceAnalysis.framework/Versions/A/PerformanceAnalysis
0x00007fff35b0a000 	/System/Library/Frameworks/OpenGL.framework/Versions/A/OpenGL
0x00007fff2b612000 	/System/Library/Frameworks/ColorSync.framework/Versions/A/ColorSync
0x00007fff2c951000 	/System/Library/Frameworks/CoreImage.framework/Versions/A/CoreImage
0x00007fff2daa7000 	/System/Library/Frameworks/CoreText.framework/Versions/A/CoreText
0x00007fff2e8a8000 	/System/Library/Frameworks/ImageIO.framework/Versions/A/ImageIO
0x00007fff3cbcc000 	/System/Library/PrivateFrameworks/Backup.framework/Versions/A/Backup
0x00007fff54e97000 	/usr/lib/libarchive.2.dylib
0x00007fff2ad4c000 	/System/Library/Frameworks/CFNetwork.framework/Versions/A/CFNetwork
0x00007fff37b04000 	/System/Library/Frameworks/SystemConfiguration.framework/Versions/A/SystemConfiguration
0x00007fff548e1000 	/usr/lib/libCRFSuite.dylib
0x00007fff55033000 	/usr/lib/libc++.1.dylib
0x00007fff55087000 	/usr/lib/libc++abi.dylib
0x00007fff57c8c000 	/usr/lib/system/libcache.dylib
0x00007fff57c91000 	/usr/lib/system/libcommonCrypto.dylib
0x00007fff57c9c000 	/usr/lib/system/libcompiler_rt.dylib
0x00007fff57ca4000 	/usr/lib/system/libcopyfile.dylib
0x00007fff57cae000 	/usr/lib/system/libcorecrypto.dylib
0x00007fff57db9000 	/usr/lib/system/libdispatch.dylib
0x00007fff57df3000 	/usr/lib/system/libdyld.dylib
0x00007fff57e20000 	/usr/lib/system/libkeymgr.dylib
0x00007fff57e2e000 	/usr/lib/system/liblaunch.dylib
0x00007fff57e2f000 	/usr/lib/system/libmacho.dylib
0x00007fff57e35000 	/usr/lib/system/libquarantine.dylib
0x00007fff57e38000 	/usr/lib/system/libremovefile.dylib
0x00007fff57e3a000 	/usr/lib/system/libsystem_asl.dylib
0x00007fff57e52000 	/usr/lib/system/libsystem_blocks.dylib
0x00007fff57e53000 	/usr/lib/system/libsystem_c.dylib
0x00007fff57edb000 	/usr/lib/system/libsystem_configuration.dylib
0x00007fff57edf000 	/usr/lib/system/libsystem_coreservices.dylib
0x00007fff57ee3000 	/usr/lib/system/libsystem_darwin.dylib
0x00007fff57eea000 	/usr/lib/system/libsystem_dnssd.dylib
0x00007fff57ef1000 	/usr/lib/system/libsystem_info.dylib
0x00007fff57f66000 	/usr/lib/system/libsystem_m.dylib
0x00007fff57fb2000 	/usr/lib/system/libsystem_malloc.dylib
0x00007fff57fdd000 	/usr/lib/system/libsystem_networkextension.dylib
0x00007fff57fe8000 	/usr/lib/system/libsystem_notify.dylib
0x00007fff58005000 	/usr/lib/system/libsystem_sandbox.dylib
0x00007fff58009000 	/usr/lib/system/libsystem_secinit.dylib
0x00007fff57f3d000 	/usr/lib/system/libsystem_kernel.dylib
0x00007fff57ff0000 	/usr/lib/system/libsystem_platform.dylib
0x00007fff57ffa000 	/usr/lib/system/libsystem_pthread.dylib
0x00007fff5800c000 	/usr/lib/system/libsystem_symptoms.dylib
0x00007fff58014000 	/usr/lib/system/libsystem_trace.dylib
0x00007fff5802b000 	/usr/lib/system/libunwind.dylib
0x00007fff58031000 	/usr/lib/system/libxpc.dylib
0x00007fff55014000 	/usr/lib/libbsm.0.dylib
0x00007fff57e21000 	/usr/lib/system/libkxld.dylib
0x00007fff3bfbd000 	/System/Library/PrivateFrameworks/AppleFSCompression.framework/Versions/A/AppleFSCompression
0x00007fff54cb0000 	/usr/lib/libOpenScriptingUtil.dylib
0x00007fff5533c000 	/usr/lib/libcoretls.dylib
0x00007fff55353000 	/usr/lib/libcoretls_cfhelpers.dylib
0x00007fff56dbe000 	/usr/lib/libpam.2.dylib
0x00007fff56f7e000 	/usr/lib/libsqlite3.dylib
0x00007fff57378000 	/usr/lib/libxar.1.dylib
0x00007fff55025000 	/usr/lib/libbz2.1.0.dylib
0x00007fff55d93000 	/usr/lib/liblzma.5.dylib
0x00007fff56244000 	/usr/lib/libnetwork.dylib
0x00007fff54e80000 	/usr/lib/libapple_nghttp2.dylib
0x00007fff56dc5000 	/usr/lib/libpcap.A.dylib
0x00007fff2d46e000 	/System/Library/Frameworks/CoreServices.framework/Versions/A/Frameworks/FSEvents.framework/Versions/A/FSEvents
0x00007fff2d14d000 	/System/Library/Frameworks/CoreServices.framework/Versions/A/Frameworks/CarbonCore.framework/Versions/A/CarbonCore
0x00007fff2d629000 	/System/Library/Frameworks/CoreServices.framework/Versions/A/Frameworks/Metadata.framework/Versions/A/Metadata
0x00007fff2d6c8000 	/System/Library/Frameworks/CoreServices.framework/Versions/A/Frameworks/OSServices.framework/Versions/A/OSServices
0x00007fff2d713000 	/System/Library/Frameworks/CoreServices.framework/Versions/A/Frameworks/SearchKit.framework/Versions/A/SearchKit
0x00007fff2d0d0000 	/System/Library/Frameworks/CoreServices.framework/Versions/A/Frameworks/AE.framework/Versions/A/AE
0x00007fff2d477000 	/System/Library/Frameworks/CoreServices.framework/Versions/A/Frameworks/LaunchServices.framework/Versions/A/LaunchServices
0x00007fff2d425000 	/System/Library/Frameworks/CoreServices.framework/Versions/A/Frameworks/DictionaryServices.framework/Versions/A/DictionaryServices
0x00007fff2d77b000 	/System/Library/Frameworks/CoreServices.framework/Versions/A/Frameworks/SharedFileList.framework/Versions/A/SharedFileList
0x00007fff31ae5000 	/System/Library/Frameworks/NetFS.framework/Versions/A/NetFS
0x00007fff4ac61000 	/System/Library/PrivateFrameworks/NetAuth.framework/Versions/A/NetAuth
0x00007fff54615000 	/System/Library/PrivateFrameworks/login.framework/Versions/A/Frameworks/loginsupport.framework/Versions/A/loginsupport
0x00007fff52736000 	/System/Library/PrivateFrameworks/TCC.framework/Versions/A/TCC
0x00007fff3fbd7000 	/System/Library/PrivateFrameworks/CoreNLP.framework/Versions/A/CoreNLP
0x00007fff4a6f6000 	/System/Library/PrivateFrameworks/MetadataUtilities.framework/Versions/A/MetadataUtilities
0x00007fff55e68000 	/usr/lib/libmecabra.dylib
0x00007fff2a298000 	/System/Library/Frameworks/ApplicationServices.framework/Versions/A/Frameworks/ATS.framework/Versions/A/ATS
0x00007fff2a5e7000 	/System/Library/Frameworks/ApplicationServices.framework/Versions/A/Frameworks/ColorSyncLegacy.framework/Versions/A/ColorSyncLegacy
0x00007fff2a686000 	/System/Library/Frameworks/ApplicationServices.framework/Versions/A/Frameworks/HIServices.framework/Versions/A/HIServices
0x00007fff2a6d9000 	/System/Library/Frameworks/ApplicationServices.framework/Versions/A/Frameworks/LangAnalysis.framework/Versions/A/LangAnalysis
0x00007fff2a6e9000 	/System/Library/Frameworks/ApplicationServices.framework/Versions/A/Frameworks/PrintCore.framework/Versions/A/PrintCore
0x00007fff2a733000 	/System/Library/Frameworks/ApplicationServices.framework/Versions/A/Frameworks/QD.framework/Versions/A/QD
0x00007fff2a76d000 	/System/Library/Frameworks/ApplicationServices.framework/Versions/A/Frameworks/SpeechSynthesis.framework/Versions/A/SpeechSynthesis
0x00007fff550af000 	/usr/lib/libcompression.dylib
0x00007fff30ced000 	/System/Library/Frameworks/MetalPerformanceShaders.framework/Versions/A/MetalPerformanceShaders
0x00007fff28274000 	/System/Library/Frameworks/Accelerate.framework/Versions/A/Frameworks/vImage.framework/Versions/A/vImage
0x00007fff292ee000 	/System/Library/Frameworks/Accelerate.framework/Versions/A/Frameworks/vecLib.framework/Versions/A/vecLib
0x00007fff2923a000 	/System/Library/Frameworks/Accelerate.framework/Versions/A/Frameworks/vecLib.framework/Versions/A/libvMisc.dylib
0x00007fff29052000 	/System/Library/Frameworks/Accelerate.framework/Versions/A/Frameworks/vecLib.framework/Versions/A/libvDSP.dylib
0x00007fff2890e000 	/System/Library/Frameworks/Accelerate.framework/Versions/A/Frameworks/vecLib.framework/Versions/A/libBLAS.dylib
0x00007fff28bfb000 	/System/Library/Frameworks/Accelerate.framework/Versions/A/Frameworks/vecLib.framework/Versions/A/libLAPACK.dylib
0x00007fff28fa5000 	/System/Library/Frameworks/Accelerate.framework/Versions/A/Frameworks/vecLib.framework/Versions/A/libLinearAlgebra.dylib
0x00007fff2903e000 	/System/Library/Frameworks/Accelerate.framework/Versions/A/Frameworks/vecLib.framework/Versions/A/libSparseBLAS.dylib
0x00007fff28fbb000 	/System/Library/Frameworks/Accelerate.framework/Versions/A/Frameworks/vecLib.framework/Versions/A/libQuadrature.dylib
0x00007fff28b88000 	/System/Library/Frameworks/Accelerate.framework/Versions/A/Frameworks/vecLib.framework/Versions/A/libBNNS.dylib
0x00007fff28fc1000 	/System/Library/Frameworks/Accelerate.framework/Versions/A/Frameworks/vecLib.framework/Versions/A/libSparse.dylib
0x00007fff46f25000 	/System/Library/PrivateFrameworks/GPUWrangler.framework/Versions/A/GPUWrangler
0x00007fff49225000 	/System/Library/PrivateFrameworks/IOAccelerator.framework/Versions/A/IOAccelerator
0x00007fff49230000 	/System/Library/PrivateFrameworks/IOPresentment.framework/Versions/A/IOPresentment
0x00007fff409af000 	/System/Library/PrivateFrameworks/DSExternalDisplay.framework/Versions/A/DSExternalDisplay
0x00007fff34f61000 	/System/Library/Frameworks/OpenGL.framework/Versions/A/Libraries/libCoreFSCache.dylib
0x00007fff30ae1000 	/System/Library/Frameworks/MetalPerformanceShaders.framework/Frameworks/MPSCore.framework/Versions/A/MPSCore
0x00007fff30b01000 	/System/Library/Frameworks/MetalPerformanceShaders.framework/Frameworks/MPSImage.framework/Versions/A/MPSImage
0x00007fff30ba6000 	/System/Library/Frameworks/MetalPerformanceShaders.framework/Frameworks/MPSNeuralNetwork.framework/Versions/A/MPSNeuralNetwork
0x00007fff30b7e000 	/System/Library/Frameworks/MetalPerformanceShaders.framework/Frameworks/MPSMatrix.framework/Versions/A/MPSMatrix
0x00007fff30cd2000 	/System/Library/Frameworks/MetalPerformanceShaders.framework/Frameworks/MPSRayIntersector.framework/Versions/A/MPSRayIntersector
0x00007fff4a71f000 	/System/Library/PrivateFrameworks/MetalTools.framework/Versions/A/MetalTools
0x00007fff3b867000 	/System/Library/PrivateFrameworks/AggregateDictionary.framework/Versions/A/AggregateDictionary
0x00007fff54c90000 	/usr/lib/libMobileGestalt.dylib
0x00007fff2dc0a000 	/System/Library/Frameworks/CoreVideo.framework/Versions/A/CoreVideo
0x00007fff47d36000 	/System/Library/PrivateFrameworks/GraphVisualizer.framework/Versions/A/GraphVisualizer
0x00007fff41bb5000 	/System/Library/PrivateFrameworks/FaceCore.framework/Versions/A/FaceCore
0x00007fff3458f000 	/System/Library/Frameworks/OpenCL.framework/Versions/A/OpenCL
0x00007fff549e8000 	/usr/lib/libFosl_dynamic.dylib
0x00007fff4b4cc000 	/System/Library/PrivateFrameworks/OTSVG.framework/Versions/A/OTSVG
0x00007fff2a39c000 	/System/Library/Frameworks/ApplicationServices.framework/Versions/A/Frameworks/ATS.framework/Versions/A/Resources/libFontParser.dylib
0x00007fff2a4b4000 	/System/Library/Frameworks/ApplicationServices.framework/Versions/A/Frameworks/ATS.framework/Versions/A/Resources/libFontRegistry.dylib
0x00007fff2eb16000 	/System/Library/Frameworks/ImageIO.framework/Versions/A/Resources/libJPEG.dylib
0x00007fff2ee28000 	/System/Library/Frameworks/ImageIO.framework/Versions/A/Resources/libTIFF.dylib
0x00007fff2edfe000 	/System/Library/Frameworks/ImageIO.framework/Versions/A/Resources/libPng.dylib
0x00007fff2ea34000 	/System/Library/Frameworks/ImageIO.framework/Versions/A/Resources/libGIF.dylib
0x00007fff2ea39000 	/System/Library/Frameworks/ImageIO.framework/Versions/A/Resources/libJP2.dylib
0x00007fff2ee25000 	/System/Library/Frameworks/ImageIO.framework/Versions/A/Resources/libRadiance.dylib
0x00007fff3c114000 	/System/Library/PrivateFrameworks/AppleJPEG.framework/Versions/A/AppleJPEG
0x00007fff34f6c000 	/System/Library/Frameworks/OpenGL.framework/Versions/A/Libraries/libGFXShared.dylib
0x00007fff3512f000 	/System/Library/Frameworks/OpenGL.framework/Versions/A/Libraries/libGLU.dylib
0x00007fff34f75000 	/System/Library/Frameworks/OpenGL.framework/Versions/A/Libraries/libGL.dylib
0x00007fff34f81000 	/System/Library/Frameworks/OpenGL.framework/Versions/A/Libraries/libGLImage.dylib
0x00007fff34f5e000 	/System/Library/Frameworks/OpenGL.framework/Versions/A/Libraries/libCVMSPluginSupport.dylib
0x00007fff34f67000 	/System/Library/Frameworks/OpenGL.framework/Versions/A/Libraries/libCoreVMClient.dylib
0x00007fff55800000 	/usr/lib/libcups.2.dylib
0x00007fff2ffe8000 	/System/Library/Frameworks/Kerberos.framework/Versions/A/Kerberos
0x00007fff2e518000 	/System/Library/Frameworks/GSS.framework/Versions/A/GSS
0x00007fff56f13000 	/usr/lib/libresolv.9.dylib
0x00007fff559f2000 	/usr/lib/libiconv.2.dylib
0x00007fff47eab000 	/System/Library/PrivateFrameworks/Heimdal.framework/Versions/A/Heimdal
0x00007fff559c2000 	/usr/lib/libheimdal-asn1.dylib
0x00007fff34603000 	/System/Library/Frameworks/OpenDirectory.framework/Versions/A/OpenDirectory
0x00007fff3e93a000 	/System/Library/PrivateFrameworks/CommonAuth.framework/Versions/A/CommonAuth
0x00007fff345e7000 	/System/Library/Frameworks/OpenDirectory.framework/Versions/A/Frameworks/CFOpenDirectory.framework/Versions/A/CFOpenDirectory
0x00007fff376a9000 	/System/Library/Frameworks/SecurityFoundation.framework/Versions/A/SecurityFoundation
0x00007fff3adad000 	/System/Library/PrivateFrameworks/APFS.framework/Versions/A/APFS
0x00007fff57374000 	/usr/lib/libutil.dylib
0x00007fff5509d000 	/usr/lib/libcharset.1.dylib
0x00007fff3c3b1000 	/System/Library/PrivateFrameworks/AppleSauce.framework/Versions/A/AppleSauce
0x00007fff3c532000 	/System/Library/PrivateFrameworks/AssertionServices.framework/Versions/A/AssertionServices
0x00007fff3cc62000 	/System/Library/PrivateFrameworks/BaseBoard.framework/Versions/A/BaseBoard
0x00007fff55dc3000 	/usr/lib/libmecab.1.0.0.dylib
0x00007fff559bc000 	/usr/lib/libgermantok.dylib
0x00007fff54e6d000 	/usr/lib/libThaiTokenizer.dylib
0x00007fff54918000 	/usr/lib/libChineseTokenizer.dylib
0x00007fff498dd000 	/System/Library/PrivateFrameworks/LanguageModeling.framework/Versions/A/LanguageModeling
0x00007fff3f61c000 	/System/Library/PrivateFrameworks/CoreEmoji.framework/Versions/A/CoreEmoji
0x00007fff499b9000 	/System/Library/PrivateFrameworks/Lexicon.framework/Versions/A/Lexicon
0x00007fff499fc000 	/System/Library/PrivateFrameworks/LinguisticData.framework/Versions/A/LinguisticData
0x00007fff5509e000 	/usr/lib/libcmph.dylib
0x00007fff37767000 	/System/Library/Frameworks/ServiceManagement.framework/Versions/A/ServiceManagement
0x00007fff3cbc3000 	/System/Library/PrivateFrameworks/BackgroundTaskManagement.framework/Versions/A/BackgroundTaskManagement
0x00007fff5746d000 	/usr/lib/libxslt.1.dylib
0x00007fff2b409000 	/System/Library/Frameworks/Carbon.framework/Versions/A/Frameworks/Ink.framework/Versions/A/Ink
0x00007fff529a8000 	/System/Library/PrivateFrameworks/TextureIO.framework/Versions/A/TextureIO
0x00007fff54ec1000 	/usr/lib/libate.dylib
0x00007fff408fe000 	/System/Library/PrivateFrameworks/CrashReporterSupport.framework/Versions/A/CrashReporterSupport
0x00007fff500e2000 	/System/Library/PrivateFrameworks/Sharing.framework/Versions/A/Sharing
0x00007fff3c915000 	/System/Library/PrivateFrameworks/AuthKit.framework/Versions/A/AuthKit
0x00007fff3be69000 	/System/Library/PrivateFrameworks/Apple80211.framework/Versions/A/Apple80211
0x00007fff406a6000 	/System/Library/PrivateFrameworks/CoreUtils.framework/Versions/A/CoreUtils
0x00007fff2dc4b000 	/System/Library/Frameworks/CoreWLAN.framework/Versions/A/CoreWLAN
0x00007fff2e647000 	/System/Library/Frameworks/IOBluetooth.framework/Versions/A/IOBluetooth
0x00007fff4e556000 	/System/Library/PrivateFrameworks/ProtocolBuffer.framework/Versions/A/ProtocolBuffer
0x00007fff4a957000 	/System/Library/PrivateFrameworks/MobileKeyBag.framework/Versions/A/MobileKeyBag
0x00007fff3feea000 	/System/Library/PrivateFrameworks/CorePhoneNumbers.framework/Versions/A/CorePhoneNumbers
0x00007fff3c0c8000 	/System/Library/PrivateFrameworks/AppleIDAuthSupport.framework/Versions/A/AppleIDAuthSupport
0x00007fff498b0000 	/System/Library/PrivateFrameworks/KeychainCircle.framework/Versions/A/KeychainCircle
0x00007fff4e70c000 	/System/Library/PrivateFrameworks/ROCKit.framework/Versions/A/ROCKit
0x00007fff4089a000 	/System/Library/PrivateFrameworks/CoreWiFi.framework/Versions/A/CoreWiFi
0x00007fff2b9d7000 	/System/Library/Frameworks/CoreBluetooth.framework/Versions/A/CoreBluetooth
0x00007fff40af5000 	/System/Library/PrivateFrameworks/DebugSymbols.framework/Versions/A/DebugSymbols
0x00007fff40466000 	/System/Library/PrivateFrameworks/CoreSymbolication.framework/Versions/A/CoreSymbolication
0x00007fff521c3000 	/System/Library/PrivateFrameworks/Symbolication.framework/Versions/A/Symbolication
0x00007fff51a66000 	/System/Library/PrivateFrameworks/SpeechRecognitionCore.framework/Versions/A/SpeechRecognitionCore
0x00007fff20554000 	/System/Library/CoreServices/Encodings/libCyrillicConverter.dylib
0x00000001075cd000 	/Library/Java/JavaVirtualMachines/jdk1.8.0_251.jdk/Contents/Home/jre/lib/server/libjvm.dylib
0x00007fff5724f000 	/usr/lib/libstdc++.6.dylib
0x000000010631a000 	/Library/Java/JavaVirtualMachines/jdk1.8.0_251.jdk/Contents/Home/jre/lib/libverify.dylib
0x0000000106328000 	/Library/Java/JavaVirtualMachines/jdk1.8.0_251.jdk/Contents/Home/jre/lib/libjava.dylib
0x000000010635f000 	/Library/Java/JavaVirtualMachines/jdk1.8.0_251.jdk/Contents/Home/jre/lib/libinstrument.dylib
0x0000000107400000 	/Library/Java/JavaVirtualMachines/jdk1.8.0_251.jdk/Contents/Home/jre/lib/libzip.dylib
0x000000011ec1f000 	/Library/Java/JavaVirtualMachines/jdk1.8.0_251.jdk/Contents/Home/jre/lib/libnet.dylib
0x000000011ec83000 	/Library/Java/JavaVirtualMachines/jdk1.8.0_251.jdk/Contents/Home/jre/lib/libawt.dylib
0x000000011ed2c000 	/Library/Java/JavaVirtualMachines/jdk1.8.0_251.jdk/Contents/Home/jre/lib/./libmlib_image.dylib
0x00007fff2ffd1000 	/System/Library/Frameworks/JavaVM.framework/Versions/A/Frameworks/JavaNativeFoundation.framework/Versions/A/JavaNativeFoundation
0x00007fff2ffda000 	/System/Library/Frameworks/JavaVM.framework/Versions/A/Frameworks/JavaRuntimeSupport.framework/Versions/A/JavaRuntimeSupport
0x00007fff2ffe3000 	/System/Library/Frameworks/JavaVM.framework/Versions/A/JavaVM
0x00007fff497cf000 	/System/Library/PrivateFrameworks/JavaLaunching.framework/Versions/A/JavaLaunching
0x00007fff2b102000 	/System/Library/Frameworks/Carbon.framework/Versions/A/Carbon
0x00007fff2b103000 	/System/Library/Frameworks/Carbon.framework/Versions/A/Frameworks/CommonPanels.framework/Versions/A/CommonPanels
0x00007fff2b3ff000 	/System/Library/Frameworks/Carbon.framework/Versions/A/Frameworks/Help.framework/Versions/A/Help
0x00007fff2b403000 	/System/Library/Frameworks/Carbon.framework/Versions/A/Frameworks/ImageCapture.framework/Versions/A/ImageCapture
0x00007fff2b49f000 	/System/Library/Frameworks/Carbon.framework/Versions/A/Frameworks/OpenScripting.framework/Versions/A/OpenScripting
0x00007fff2b4d7000 	/System/Library/Frameworks/Carbon.framework/Versions/A/Frameworks/Print.framework/Versions/A/Print
0x00007fff2b4d9000 	/System/Library/Frameworks/Carbon.framework/Versions/A/Frameworks/SecurityHI.framework/Versions/A/SecurityHI
0x000000011edf8000 	/Library/Java/JavaVirtualMachines/jdk1.8.0_251.jdk/Contents/Home/jre/lib/libawt_lwawt.dylib
0x000000011eeb3000 	/Library/Java/JavaVirtualMachines/jdk1.8.0_251.jdk/Contents/Home/jre/lib/./libosxapp.dylib
0x00007fff2e0d5000 	/System/Library/Frameworks/ExceptionHandling.framework/Versions/A/ExceptionHandling
0x00007fff4006e000 	/System/Library/PrivateFrameworks/CoreServicesInternal.framework/Versions/A/CoreServicesInternal
0x00007fff205da000 	/System/Library/CoreServices/RawCamera.bundle/Contents/MacOS/RawCamera
0x00007fff4a7c3000 	/System/Library/PrivateFrameworks/MobileAsset.framework/Versions/A/MobileAsset
0x00007fff52111000 	/System/Library/PrivateFrameworks/StreamingZip.framework/Versions/A/StreamingZip
0x00007fff30375000 	/System/Library/Frameworks/MediaToolbox.framework/Versions/A/MediaToolbox
0x00007fff3f1c0000 	/System/Library/PrivateFrameworks/CoreAVCHD.framework/Versions/A/CoreAVCHD
0x00007fff302bb000 	/System/Library/Frameworks/MediaAccessibility.framework/Versions/A/MediaAccessibility
0x00007fff4a21f000 	/System/Library/PrivateFrameworks/Mangrove.framework/Versions/A/Mangrove
0x00007fff2cf6e000 	/System/Library/Frameworks/CoreMedia.framework/Versions/A/CoreMedia
0x00007fff37dd0000 	/System/Library/Frameworks/VideoToolbox.framework/Versions/A/VideoToolbox
0x00007fff3eddc000 	/System/Library/PrivateFrameworks/CoreAUC.framework/Versions/A/CoreAUC
0x00007fff56f7c000 	/usr/lib/libspindump.dylib
0x00007fff3c497000 	/System/Library/PrivateFrameworks/AppleVA.framework/Versions/A/AppleVA
0x00007fff2825d000 	/System/Library/Frameworks/Accelerate.framework/Versions/A/Frameworks/vImage.framework/Versions/A/Libraries/libCGInterfaces.dylib
0x00007fff2a550000 	/System/Library/Frameworks/ApplicationServices.framework/Versions/A/Frameworks/ATS.framework/Versions/A/Resources/libTrueTypeScaler.dylib
0x00007fff2541d000 	/System/Library/Extensions/AppleIntelKBLGraphicsMTLDriver.bundle/Contents/MacOS/AppleIntelKBLGraphicsMTLDriver
0x00007fff45884000 	/System/Library/PrivateFrameworks/GPUCompiler.framework/Versions/3902/Libraries/libmetal_timestamp.dylib
0x00007fff41fda000 	/System/Library/PrivateFrameworks/FamilyControls.framework/Versions/A/FamilyControls
0x00007fff3e92d000 	/System/Library/PrivateFrameworks/CommerceKit.framework/Versions/A/Frameworks/CommerceCore.framework/Versions/A/CommerceCore
0x00007fff52496000 	/System/Library/PrivateFrameworks/SystemAdministration.framework/Versions/A/SystemAdministration
0x00007fff3bd6a000 	/System/Library/PrivateFrameworks/AppContainer.framework/Versions/A/AppContainer
0x00007fff3bd86000 	/System/Library/PrivateFrameworks/AppSandbox.framework/Versions/A/AppSandbox
0x00007fff4ff83000 	/System/Library/PrivateFrameworks/SecCodeWrapper.framework/Versions/A/SecCodeWrapper
0x00007fff56f2d000 	/usr/lib/libsandbox.1.dylib
0x00007fff54c5f000 	/usr/lib/libMatch.1.dylib
0x00007fff40e7a000 	/System/Library/PrivateFrameworks/DiskManagement.framework/Versions/A/DiskManagement
0x00007fff2de51000 	/System/Library/Frameworks/DirectoryService.framework/Versions/A/DirectoryService
0x00007fff40dab000 	/System/Library/PrivateFrameworks/DiskImages.framework/Versions/A/DiskImages
0x00007fff49af5000 	/System/Library/PrivateFrameworks/LoginUIKit.framework/Versions/A/Frameworks/LoginUICore.framework/Versions/A/LoginUICore
0x00007fff54923000 	/usr/lib/libCoreStorage.dylib
0x00007fff557ed000 	/usr/lib/libcsfde.dylib
0x00007fff56dad000 	/usr/lib/libodfde.dylib
0x00007fff4a337000 	/System/Library/PrivateFrameworks/MediaKit.framework/Versions/A/MediaKit
0x00007fff2de5d000 	/System/Library/Frameworks/DiscRecording.framework/Versions/A/DiscRecording
0x00007fff40fee000 	/System/Library/PrivateFrameworks/EFILogin.framework/Versions/A/EFILogin
0x00007fff4e501000 	/System/Library/PrivateFrameworks/ProtectedCloudStorage.framework/Versions/A/ProtectedCloudStorage
0x00007fff5587f000 	/usr/lib/libcurl.4.dylib
0x00007fff556ec000 	/usr/lib/libcrypto.42.dylib
0x00007fff5721f000 	/usr/lib/libssl.44.dylib
0x00007fff30002000 	/System/Library/Frameworks/LDAP.framework/Versions/A/LDAP
0x00007fff52b26000 	/System/Library/PrivateFrameworks/TrustEvaluationAgent.framework/Versions/A/TrustEvaluationAgent
0x00007fff56f69000 	/usr/lib/libsasl2.2.dylib
0x00007fff3f419000 	/System/Library/PrivateFrameworks/CoreDaemon.framework/Versions/B/CoreDaemon
0x00007fff3c3ac000 	/System/Library/PrivateFrameworks/AppleSRP.framework/Versions/A/AppleSRP
0x00007fff53960000 	/System/Library/PrivateFrameworks/ViewBridge.framework/Versions/A/ViewBridge
0x0000000120b37000 	/usr/lib/libobjc-trampolines.dylib
0x00000001235ef000 	/Library/Java/JavaVirtualMachines/jdk1.8.0_251.jdk/Contents/Home/jre/lib/libfontmanager.dylib
0x0000000123657000 	/Library/Java/JavaVirtualMachines/jdk1.8.0_251.jdk/Contents/Home/jre/lib/libosxui.dylib
0x00007fff35b1a000 	/System/Library/Frameworks/OpenGL.framework/Versions/A/Resources/GLEngine.bundle/GLEngine
0x00007fff34fbc000 	/System/Library/Frameworks/OpenGL.framework/Versions/A/Libraries/libGLProgrammability.dylib
0x00007fff24648000 	/System/Library/Extensions/AppleIntelKBLGraphicsGLDriver.bundle/Contents/MacOS/AppleIntelKBLGraphicsGLDriver
0x00007fff46f19000 	/System/Library/PrivateFrameworks/GPUSupport.framework/Versions/A/Libraries/libGPUSupportMercury.dylib
0x00007fff35cb2000 	/System/Library/Frameworks/OpenGL.framework/Versions/A/Resources/GLRendererFloat.bundle/GLRendererFloat
0x00007fff34586000 	/System/Library/Frameworks/OpenCL.framework/Versions/A/Libraries/libcldcpuengine.dylib
0x00007fff554f2000 	/usr/lib/libcrypto.35.dylib
0x0000000122200000 	/Library/Java/JavaVirtualMachines/jdk1.8.0_251.jdk/Contents/Home/jre/lib/libnio.dylib
0x0000000125f79000 	/Library/Java/JavaVirtualMachines/jdk1.8.0_251.jdk/Contents/Home/jre/lib/libmanagement.dylib
0x0000000122ae4000 	/Library/Java/JavaVirtualMachines/jdk1.8.0_251.jdk/Contents/Home/jre/lib/libsunec.dylib

VM Arguments:
jvm_args: -javaagent:/Applications/IntelliJ IDEA 2.app/Contents/lib/idea_rt.jar=54867:/Applications/IntelliJ IDEA 2.app/Contents/bin -Dfile.encoding=UTF-8 
java_command: Main
java_class_path (initial): /Library/Java/JavaVirtualMachines/jdk1.8.0_251.jdk/Contents/Home/jre/lib/charsets.jar:/Library/Java/JavaVirtualMachines/jdk1.8.0_251.jdk/Contents/Home/jre/lib/deploy.jar:/Library/Java/JavaVirtualMachines/jdk1.8.0_251.jdk/Contents/Home/jre/lib/ext/cldrdata.jar:/Library/Java/JavaVirtualMachines/jdk1.8.0_251.jdk/Contents/Home/jre/lib/ext/dnsns.jar:/Library/Java/JavaVirtualMachines/jdk1.8.0_251.jdk/Contents/Home/jre/lib/ext/jaccess.jar:/Library/Java/JavaVirtualMachines/jdk1.8.0_251.jdk/Contents/Home/jre/lib/ext/jfxrt.jar:/Library/Java/JavaVirtualMachines/jdk1.8.0_251.jdk/Contents/Home/jre/lib/ext/localedata.jar:/Library/Java/JavaVirtualMachines/jdk1.8.0_251.jdk/Contents/Home/jre/lib/ext/nashorn.jar:/Library/Java/JavaVirtualMachines/jdk1.8.0_251.jdk/Contents/Home/jre/lib/ext/sunec.jar:/Library/Java/JavaVirtualMachines/jdk1.8.0_251.jdk/Contents/Home/jre/lib/ext/sunjce_provider.jar:/Library/Java/JavaVirtualMachines/jdk1.8.0_251.jdk/Contents/Home/jre/lib/ext/sunpkcs11.jar:/Library/Java/JavaVirtualMachines/jdk1.8.0_251.jdk/Contents/Home/jre/lib/ext/zipfs.jar:/Library/Java/JavaVirtualMachines/jdk1.8.0_251.jdk/Contents/Home/jre/lib/javaws.jar:/Library/Java/JavaVirtualMachines/jdk1.8.0_251.jdk/Contents/Home/jre/lib/jce.jar:/Library/Java/JavaVirtualMachines/jdk1.8.0_251.jdk/Contents/Home/jre/lib/jfr.jar:/Library/Java/JavaVirtualMachines/jdk1.8.0_251.jdk/Contents/Home/jre/lib/jfxswt.jar:/Library/Java/JavaVirtualMachines/jdk1.8.0_251.jdk/Contents/Home/jre/lib/jsse.jar:/Library/Java/JavaVirtualMachines/jdk1.8.0_251.jdk/Contents/Home/jre/lib/management-agent.jar:/Library/Java/JavaVirtualMachines/jdk1.8.0_251.jdk/Contents/Home/jre/lib/plugin.jar:/Library/Java/JavaVirtualMachines/jdk1.8.0_251.jdk/Contents/Home/jre/lib/resources.jar:/Library/Java/JavaVirtualMachines/jdk1.8.0_251.jdk/Contents/Home/jre/lib/rt.jar:/Library/Java/JavaVirtualMachines/jdk1.8.0_251.jdk/Contents/Home/lib/ant-javafx.jar:/Library/Java/JavaVirtualMachines/jdk1.8.0_251.jdk/Contents/Home
Launcher Type: SUN_STANDARD

Environment Variables:
JAVA_HOME=/Library/Java/JavaVirtualMachines/jdk-14.0.1.jdk/Contents/Home
PATH=/usr/local/bin:/usr/bin:/bin:/usr/sbin:/sbin:/Users/antonpentugov/apps/apache-maven-3.6.3/bin:/usr/local/mysql/bin/
SHELL=/bin/bash

Signal Handlers:
SIGSEGV: [libjvm.dylib+0x5bc2ff], sa_mask[0]=11111111011111110111111111111111, sa_flags=SA_ONSTACK|SA_RESTART|SA_SIGINFO
SIGBUS: [libjvm.dylib+0x5bc2ff], sa_mask[0]=11111111011111110111111111111111, sa_flags=SA_RESTART|SA_SIGINFO
SIGFPE: [libjvm.dylib+0x48d41c], sa_mask[0]=11111111011111110111111111111111, sa_flags=SA_RESTART|SA_SIGINFO
SIGPIPE: [libjvm.dylib+0x48d41c], sa_mask[0]=11111111011111110111111111111111, sa_flags=SA_RESTART|SA_SIGINFO
SIGXFSZ: [libjvm.dylib+0x48d41c], sa_mask[0]=11111111011111110111111111111111, sa_flags=SA_RESTART|SA_SIGINFO
SIGILL: [libjvm.dylib+0x48d41c], sa_mask[0]=11111111011111110111111111111111, sa_flags=SA_RESTART|SA_SIGINFO
SIGUSR1: SIG_DFL, sa_mask[0]=00000000000000000000000000000000, sa_flags=none
SIGUSR2: [libjvm.dylib+0x48cf3a], sa_mask[0]=00100000000000000000000000000000, sa_flags=SA_RESTART|SA_SIGINFO
SIGHUP: [libjvm.dylib+0x48b4c5], sa_mask[0]=11111111011111110111111111111111, sa_flags=SA_RESTART|SA_SIGINFO
SIGINT: [libjvm.dylib+0x48b4c5], sa_mask[0]=11111111011111110111111111111111, sa_flags=SA_RESTART|SA_SIGINFO
SIGTERM: [libjvm.dylib+0x48b4c5], sa_mask[0]=11111111011111110111111111111111, sa_flags=SA_RESTART|SA_SIGINFO
SIGQUIT: [libjvm.dylib+0x48b4c5], sa_mask[0]=11111111011111110111111111111111, sa_flags=SA_RESTART|SA_SIGINFO


---------------  S Y S T E M  ---------------

OS:Bsduname:Darwin 18.7.0 Darwin Kernel Version 18.7.0: Tue Aug 20 16:57:14 PDT 2019; root:xnu-4903.271.2~2/RELEASE_X86_64 x86_64
rlimit: STACK 8192k, CORE 0k, NPROC 709, NOFILE 10240, AS infinity
load average:1.84 1.92 1.85

CPU:total 8 (initial active 8) (4 cores per cpu, 2 threads per core) family 6 model 142 stepping 10, cmov, cx8, fxsr, mmx, sse, sse2, sse3, ssse3, sse4.1, sse4.2, popcnt, avx, avx2, aes, clmul, erms, 3dnowpref, lzcnt, ht, tsc, tscinvbit, bmi1, bmi2, adx

Memory: 4k page, physical 8388608k(89340k free)

/proc/meminfo:


vm_info: Java HotSpot(TM) 64-Bit Server VM (25.251-b08) for bsd-amd64 JRE (1.8.0_251-b08), built on Mar 12 2020 02:36:37 by "java_re" with gcc 4.2.1 (Based on Apple Inc. build 5658) (LLVM build 2336.11.00)

time: Tue Jun 16 15:25:38 2020
timezone: +04
elapsed time: 445 seconds (0d 0h 7m 25s)

